Sender: LSF System <lsfadmin@lh06c20>
Subject: Job 125213143: <Crossmap> in cluster <chimera> Exited

Job <Crossmap> was submitted from host <li03c04.chimera.hpc.mssm.edu> by user <kandos01> in cluster <chimera> at Fri Apr 26 12:56:40 2024
Job was executed on host(s) <1*lh06c20>, in queue <premium>, as user <kandos01> in cluster <chimera> at Fri Apr 26 14:03:04 2024
                            <1*lh06c24>
                            <2*lh06c33>
                            <2*lh06c27>
                            <2*lh06c29>
</hpc/users/kandos01> was used as the home directory.
</sc/arion/projects/tauomics/Shrishtee/GWAS_Pipeline_CraryLab/Convert_hg19_to_hg38> was used as the working directory.
Started at Fri Apr 26 14:03:04 2024
Terminated at Fri Apr 26 14:03:07 2024
Results reported at Fri Apr 26 14:03:07 2024

Your job looked like:

------------------------------------------------------------
# LSBATCH: User input

    #!/bin/bash
    #BSUB -P acc_tauomics
    #BSUB -n 8
    #BSUB -W 10:00
    #BSUB -R rusage[mem=30000]
    #BSUB -q premium
    #BSUB -J Crossmap
    #BSUB -o logs.Crossmap/chr13.stdout
    #BSUB -eo logs.Crossmap/chr13.stderr
    mkdir -p logs.Crossmap
    rm -f logs.Crossmap/13.stdout
    rm -f logs.Crossmap/13.stdout
    module purge
    sh /sc/arion/projects/tauomics/Shrishtee/GWAS_Pipeline_CraryLab/Convert_hg19_to_hg38/Crossmap.sh 13

------------------------------------------------------------

Exited with exit code 127.

Resource usage summary:

    CPU time :                                   0.30 sec.
    Max Memory :                                 2 MB
    Average Memory :                             2.00 MB
    Total Requested Memory :                     240000.00 MB
    Delta Memory :                               239998.00 MB
    Max Swap :                                   -
    Max Processes :                              1
    Max Threads :                                1
    Run time :                                   3 sec.
    Turnaround time :                            3987 sec.

The output (if any) follows:

4.8.5-44)


PS:

Read file <logs.Crossmap/chr13.stderr> for stderr output of this job.

Sender: LSF System <lsfadmin@lh06c15.chimera.hpc.mssm.edu>
Subject: Job 125319229: <Crossmap> in cluster <chimera> Exited

Job <Crossmap> was submitted from host <li03c03.chimera.hpc.mssm.edu> by user <kandos01> in cluster <chimera> at Mon Apr 29 11:19:47 2024
Job was executed on host(s) <1*lh06c15>, in queue <premium>, as user <kandos01> in cluster <chimera> at Mon Apr 29 11:19:53 2024
                            <1*lh06c30>
                            <6*lh06c31>
</hpc/users/kandos01> was used as the home directory.
</sc/arion/projects/tauomics/Shrishtee/GWAS_Pipeline_CraryLab/Convert_hg19_to_hg38> was used as the working directory.
Started at Mon Apr 29 11:19:53 2024
Terminated at Mon Apr 29 11:19:57 2024
Results reported at Mon Apr 29 11:19:57 2024
Cannot open your job file: /hpc/users/kandos01/.lsbatch/1714403987.125319229
Exited with exit code 127.

Resource usage summary:

    CPU time :                                   0.23 sec.
    Max Memory :                                 12 MB
    Average Memory :                             6.50 MB
    Total Requested Memory :                     240000.00 MB
    Delta Memory :                               239988.00 MB
    Max Swap :                                   -
    Max Processes :                              5
    Max Threads :                                6
    Run time :                                   3 sec.
    Turnaround time :                            10 sec.


PS:

Unable to read output data from the stdout buffer file </hpc/users/kandos01/.lsbatch/1714403987.125319229.out>: your job was probably aborted prematurely.
Unable to read stderr data from stderr buffer file; your job was probably aborted prematurely.

