Sender: LSF System <lsfadmin@lh06c20>
Subject: Job 125213148: <Crossmap> in cluster <chimera> Exited

Job <Crossmap> was submitted from host <li03c04.chimera.hpc.mssm.edu> by user <kandos01> in cluster <chimera> at Fri Apr 26 12:56:41 2024
Job was executed on host(s) <1*lh06c20>, in queue <premium>, as user <kandos01> in cluster <chimera> at Fri Apr 26 14:04:10 2024
                            <1*lh06c24>
                            <2*lh06c33>
                            <2*lh06c27>
                            <2*lh06c29>
</hpc/users/kandos01> was used as the home directory.
</sc/arion/projects/tauomics/Shrishtee/GWAS_Pipeline_CraryLab/Convert_hg19_to_hg38> was used as the working directory.
Started at Fri Apr 26 14:04:10 2024
Terminated at Fri Apr 26 14:04:16 2024
Results reported at Fri Apr 26 14:04:16 2024

Your job looked like:

------------------------------------------------------------
# LSBATCH: User input

    #!/bin/bash
    #BSUB -P acc_tauomics
    #BSUB -n 8
    #BSUB -W 10:00
    #BSUB -R rusage[mem=30000]
    #BSUB -q premium
    #BSUB -J Crossmap
    #BSUB -o logs.Crossmap/chr18.stdout
    #BSUB -eo logs.Crossmap/chr18.stderr
    mkdir -p logs.Crossmap
    rm -f logs.Crossmap/18.stdout
    rm -f logs.Crossmap/18.stdout
    module purge
    sh /sc/arion/projects/tauomics/Shrishtee/GWAS_Pipeline_CraryLab/Convert_hg19_to_hg38/Crossmap.sh 18

------------------------------------------------------------

Exited with exit code 127.

Resource usage summary:

    CPU time :                                   0.31 sec.
    Max Memory :                                 9 MB
    Average Memory :                             7.40 MB
    Total Requested Memory :                     240000.00 MB
    Delta Memory :                               239991.00 MB
    Max Swap :                                   -
    Max Processes :                              5
    Max Threads :                                6
    Run time :                                   5 sec.
    Turnaround time :                            4055 sec.

The output (if any) follows:

4.8.5-44)


PS:

Read file <logs.Crossmap/chr18.stderr> for stderr output of this job.

Sender: LSF System <lsfadmin@lh06c14>
Subject: Job 125319244: <Crossmap> in cluster <chimera> Exited

Job <Crossmap> was submitted from host <li03c03.chimera.hpc.mssm.edu> by user <kandos01> in cluster <chimera> at Mon Apr 29 11:19:48 2024
Job was executed on host(s) <5*lh06c14>, in queue <premium>, as user <kandos01> in cluster <chimera> at Mon Apr 29 11:19:53 2024
                            <3*lh06c10>
</hpc/users/kandos01> was used as the home directory.
</sc/arion/projects/tauomics/Shrishtee/GWAS_Pipeline_CraryLab/Convert_hg19_to_hg38> was used as the working directory.
Started at Mon Apr 29 11:19:53 2024
Terminated at Mon Apr 29 11:19:54 2024
Results reported at Mon Apr 29 11:19:54 2024

Your job looked like:

------------------------------------------------------------
# LSBATCH: User input

    #!/bin/bash
    #BSUB -P acc_tauomics
    #BSUB -n 8
    #BSUB -W 10:00
    #BSUB -R rusage[mem=30000]
    #BSUB -q premium
    #BSUB -J Crossmap
    #BSUB -o logs.Crossmap/chr18.stdout
    #BSUB -eo logs.Crossmap/chr18.stderr
    mkdir -p logs.Crossmap
    rm -f logs.Crossmap/18.stdout
    rm -f logs.Crossmap/18.stdout
    module purge
    sh /sc/arion/projects/tauomics/Shrishtee/GWAS_Pipeline_CraryLab/Convert_hg19_to_hg38/Crossmap.sh 18

------------------------------------------------------------

Exited with exit code 127.

Resource usage summary:

    CPU time :                                   0.28 sec.
    Max Memory :                                 15 MB
    Average Memory :                             15.00 MB
    Total Requested Memory :                     240000.00 MB
    Delta Memory :                               239985.00 MB
    Max Swap :                                   -
    Max Processes :                              5
    Max Threads :                                6
    Run time :                                   1 sec.
    Turnaround time :                            6 sec.

The output (if any) follows:

4.8.5-44)


PS:

Read file <logs.Crossmap/chr18.stderr> for stderr output of this job.

