Sender: LSF System <lsfadmin@lh06c20>
Subject: Job 125213142: <Crossmap> in cluster <chimera> Exited

Job <Crossmap> was submitted from host <li03c04.chimera.hpc.mssm.edu> by user <kandos01> in cluster <chimera> at Fri Apr 26 12:56:39 2024
Job was executed on host(s) <1*lh06c20>, in queue <premium>, as user <kandos01> in cluster <chimera> at Fri Apr 26 14:02:59 2024
                            <1*lh06c24>
                            <2*lh06c33>
                            <2*lh06c27>
                            <2*lh06c29>
</hpc/users/kandos01> was used as the home directory.
</sc/arion/projects/tauomics/Shrishtee/GWAS_Pipeline_CraryLab/Convert_hg19_to_hg38> was used as the working directory.
Started at Fri Apr 26 14:02:59 2024
Terminated at Fri Apr 26 14:03:01 2024
Results reported at Fri Apr 26 14:03:01 2024

Your job looked like:

------------------------------------------------------------
# LSBATCH: User input

    #!/bin/bash
    #BSUB -P acc_tauomics
    #BSUB -n 8
    #BSUB -W 10:00
    #BSUB -R rusage[mem=30000]
    #BSUB -q premium
    #BSUB -J Crossmap
    #BSUB -o logs.Crossmap/chr12.stdout
    #BSUB -eo logs.Crossmap/chr12.stderr
    mkdir -p logs.Crossmap
    rm -f logs.Crossmap/12.stdout
    rm -f logs.Crossmap/12.stdout
    module purge
    sh /sc/arion/projects/tauomics/Shrishtee/GWAS_Pipeline_CraryLab/Convert_hg19_to_hg38/Crossmap.sh 12

------------------------------------------------------------

Exited with exit code 127.

Resource usage summary:

    CPU time :                                   0.28 sec.
    Max Memory :                                 3 MB
    Average Memory :                             3.00 MB
    Total Requested Memory :                     240000.00 MB
    Delta Memory :                               239997.00 MB
    Max Swap :                                   -
    Max Processes :                              3
    Max Threads :                                4
    Run time :                                   2 sec.
    Turnaround time :                            3982 sec.

The output (if any) follows:

4.8.5-44)


PS:

Read file <logs.Crossmap/chr12.stderr> for stderr output of this job.

Sender: LSF System <lsfadmin@lh06c10>
Subject: Job 125319227: <Crossmap> in cluster <chimera> Exited

Job <Crossmap> was submitted from host <li03c03.chimera.hpc.mssm.edu> by user <kandos01> in cluster <chimera> at Mon Apr 29 11:19:47 2024
Job was executed on host(s) <1*lh06c10>, in queue <premium>, as user <kandos01> in cluster <chimera> at Mon Apr 29 11:19:48 2024
                            <7*lh06c29>
</hpc/users/kandos01> was used as the home directory.
</sc/arion/projects/tauomics/Shrishtee/GWAS_Pipeline_CraryLab/Convert_hg19_to_hg38> was used as the working directory.
Started at Mon Apr 29 11:19:48 2024
Terminated at Mon Apr 29 11:19:50 2024
Results reported at Mon Apr 29 11:19:50 2024

Your job looked like:

------------------------------------------------------------
# LSBATCH: User input

    #!/bin/bash
    #BSUB -P acc_tauomics
    #BSUB -n 8
    #BSUB -W 10:00
    #BSUB -R rusage[mem=30000]
    #BSUB -q premium
    #BSUB -J Crossmap
    #BSUB -o logs.Crossmap/chr12.stdout
    #BSUB -eo logs.Crossmap/chr12.stderr
    mkdir -p logs.Crossmap
    rm -f logs.Crossmap/12.stdout
    rm -f logs.Crossmap/12.stdout
    module purge
    sh /sc/arion/projects/tauomics/Shrishtee/GWAS_Pipeline_CraryLab/Convert_hg19_to_hg38/Crossmap.sh 12

------------------------------------------------------------

Exited with exit code 127.

Resource usage summary:

    CPU time :                                   0.32 sec.
    Max Memory :                                 11 MB
    Average Memory :                             7.67 MB
    Total Requested Memory :                     240000.00 MB
    Delta Memory :                               239989.00 MB
    Max Swap :                                   -
    Max Processes :                              5
    Max Threads :                                6
    Run time :                                   1 sec.
    Turnaround time :                            3 sec.

The output (if any) follows:

4.8.5-44)


PS:

Read file <logs.Crossmap/chr12.stderr> for stderr output of this job.

