Sender: LSF System <lsfadmin@lh06c20>
Subject: Job 125213141: <Crossmap> in cluster <chimera> Exited

Job <Crossmap> was submitted from host <li03c04.chimera.hpc.mssm.edu> by user <kandos01> in cluster <chimera> at Fri Apr 26 12:56:39 2024
Job was executed on host(s) <1*lh06c20>, in queue <premium>, as user <kandos01> in cluster <chimera> at Fri Apr 26 14:02:49 2024
                            <1*lh06c24>
                            <2*lh06c33>
                            <2*lh06c27>
                            <2*lh06c29>
</hpc/users/kandos01> was used as the home directory.
</sc/arion/projects/tauomics/Shrishtee/GWAS_Pipeline_CraryLab/Convert_hg19_to_hg38> was used as the working directory.
Started at Fri Apr 26 14:02:49 2024
Terminated at Fri Apr 26 14:02:53 2024
Results reported at Fri Apr 26 14:02:53 2024

Your job looked like:

------------------------------------------------------------
# LSBATCH: User input

    #!/bin/bash
    #BSUB -P acc_tauomics
    #BSUB -n 8
    #BSUB -W 10:00
    #BSUB -R rusage[mem=30000]
    #BSUB -q premium
    #BSUB -J Crossmap
    #BSUB -o logs.Crossmap/chr11.stdout
    #BSUB -eo logs.Crossmap/chr11.stderr
    mkdir -p logs.Crossmap
    rm -f logs.Crossmap/11.stdout
    rm -f logs.Crossmap/11.stdout
    module purge
    sh /sc/arion/projects/tauomics/Shrishtee/GWAS_Pipeline_CraryLab/Convert_hg19_to_hg38/Crossmap.sh 11

------------------------------------------------------------

Exited with exit code 127.

Resource usage summary:

    CPU time :                                   0.29 sec.
    Max Memory :                                 6 MB
    Average Memory :                             5.00 MB
    Total Requested Memory :                     240000.00 MB
    Delta Memory :                               239994.00 MB
    Max Swap :                                   -
    Max Processes :                              5
    Max Threads :                                6
    Run time :                                   4 sec.
    Turnaround time :                            3974 sec.

The output (if any) follows:

4.8.5-44)


PS:

Read file <logs.Crossmap/chr11.stderr> for stderr output of this job.

Sender: LSF System <lsfadmin@lh06c14>
Subject: Job 125319223: <Crossmap> in cluster <chimera> Exited

Job <Crossmap> was submitted from host <li03c03.chimera.hpc.mssm.edu> by user <kandos01> in cluster <chimera> at Mon Apr 29 11:19:46 2024
Job was executed on host(s) <5*lh06c14>, in queue <premium>, as user <kandos01> in cluster <chimera> at Mon Apr 29 11:19:48 2024
                            <3*lh06c10>
</hpc/users/kandos01> was used as the home directory.
</sc/arion/projects/tauomics/Shrishtee/GWAS_Pipeline_CraryLab/Convert_hg19_to_hg38> was used as the working directory.
Started at Mon Apr 29 11:19:48 2024
Terminated at Mon Apr 29 11:19:50 2024
Results reported at Mon Apr 29 11:19:50 2024

Your job looked like:

------------------------------------------------------------
# LSBATCH: User input

    #!/bin/bash
    #BSUB -P acc_tauomics
    #BSUB -n 8
    #BSUB -W 10:00
    #BSUB -R rusage[mem=30000]
    #BSUB -q premium
    #BSUB -J Crossmap
    #BSUB -o logs.Crossmap/chr11.stdout
    #BSUB -eo logs.Crossmap/chr11.stderr
    mkdir -p logs.Crossmap
    rm -f logs.Crossmap/11.stdout
    rm -f logs.Crossmap/11.stdout
    module purge
    sh /sc/arion/projects/tauomics/Shrishtee/GWAS_Pipeline_CraryLab/Convert_hg19_to_hg38/Crossmap.sh 11

------------------------------------------------------------

Exited with exit code 127.

Resource usage summary:

    CPU time :                                   0.32 sec.
    Max Memory :                                 13 MB
    Average Memory :                             13.00 MB
    Total Requested Memory :                     240000.00 MB
    Delta Memory :                               239987.00 MB
    Max Swap :                                   -
    Max Processes :                              5
    Max Threads :                                6
    Run time :                                   1 sec.
    Turnaround time :                            4 sec.

The output (if any) follows:

4.8.5-44)


PS:

Read file <logs.Crossmap/chr11.stderr> for stderr output of this job.

