Sender: LSF System <lsfadmin@lh06c20>
Subject: Job 125213152: <Crossmap> in cluster <chimera> Exited

Job <Crossmap> was submitted from host <li03c04.chimera.hpc.mssm.edu> by user <kandos01> in cluster <chimera> at Fri Apr 26 12:56:42 2024
Job was executed on host(s) <1*lh06c20>, in queue <premium>, as user <kandos01> in cluster <chimera> at Fri Apr 26 14:05:05 2024
                            <1*lh06c24>
                            <2*lh06c33>
                            <2*lh06c27>
                            <2*lh06c29>
</hpc/users/kandos01> was used as the home directory.
</sc/arion/projects/tauomics/Shrishtee/GWAS_Pipeline_CraryLab/Convert_hg19_to_hg38> was used as the working directory.
Started at Fri Apr 26 14:05:05 2024
Terminated at Fri Apr 26 14:05:09 2024
Results reported at Fri Apr 26 14:05:09 2024

Your job looked like:

------------------------------------------------------------
# LSBATCH: User input

    #!/bin/bash
    #BSUB -P acc_tauomics
    #BSUB -n 8
    #BSUB -W 10:00
    #BSUB -R rusage[mem=30000]
    #BSUB -q premium
    #BSUB -J Crossmap
    #BSUB -o logs.Crossmap/chr22.stdout
    #BSUB -eo logs.Crossmap/chr22.stderr
    mkdir -p logs.Crossmap
    rm -f logs.Crossmap/22.stdout
    rm -f logs.Crossmap/22.stdout
    module purge
    sh /sc/arion/projects/tauomics/Shrishtee/GWAS_Pipeline_CraryLab/Convert_hg19_to_hg38/Crossmap.sh 22

------------------------------------------------------------

Exited with exit code 127.

Resource usage summary:

    CPU time :                                   0.30 sec.
    Max Memory :                                 9 MB
    Average Memory :                             7.25 MB
    Total Requested Memory :                     240000.00 MB
    Delta Memory :                               239991.00 MB
    Max Swap :                                   -
    Max Processes :                              5
    Max Threads :                                6
    Run time :                                   4 sec.
    Turnaround time :                            4107 sec.

The output (if any) follows:

4.8.5-44)


PS:

Read file <logs.Crossmap/chr22.stderr> for stderr output of this job.

Sender: LSF System <lsfadmin@lh06c09.chimera.hpc.mssm.edu>
Subject: Job 125319257: <Crossmap> in cluster <chimera> Exited

Job <Crossmap> was submitted from host <li03c03.chimera.hpc.mssm.edu> by user <kandos01> in cluster <chimera> at Mon Apr 29 11:19:49 2024
Job was executed on host(s) <5*lh06c09>, in queue <premium>, as user <kandos01> in cluster <chimera> at Mon Apr 29 11:19:58 2024
                            <3*lh06c27>
</hpc/users/kandos01> was used as the home directory.
</sc/arion/projects/tauomics/Shrishtee/GWAS_Pipeline_CraryLab/Convert_hg19_to_hg38> was used as the working directory.
Started at Mon Apr 29 11:19:58 2024
Terminated at Mon Apr 29 11:20:00 2024
Results reported at Mon Apr 29 11:20:00 2024

Your job looked like:

------------------------------------------------------------
# LSBATCH: User input

    #!/bin/bash
    #BSUB -P acc_tauomics
    #BSUB -n 8
    #BSUB -W 10:00
    #BSUB -R rusage[mem=30000]
    #BSUB -q premium
    #BSUB -J Crossmap
    #BSUB -o logs.Crossmap/chr22.stdout
    #BSUB -eo logs.Crossmap/chr22.stderr
    mkdir -p logs.Crossmap
    rm -f logs.Crossmap/22.stdout
    rm -f logs.Crossmap/22.stdout
    module purge
    sh /sc/arion/projects/tauomics/Shrishtee/GWAS_Pipeline_CraryLab/Convert_hg19_to_hg38/Crossmap.sh 22

------------------------------------------------------------

Exited with exit code 127.

Resource usage summary:

    CPU time :                                   0.24 sec.
    Max Memory :                                 14 MB
    Average Memory :                             9.67 MB
    Total Requested Memory :                     240000.00 MB
    Delta Memory :                               239986.00 MB
    Max Swap :                                   -
    Max Processes :                              5
    Max Threads :                                6
    Run time :                                   3 sec.
    Turnaround time :                            11 sec.

The output (if any) follows:

4.8.5-44)


PS:

Read file <logs.Crossmap/chr22.stderr> for stderr output of this job.

Sender: LSF System <lsfadmin@lh06c12>
Subject: Job 125319952: <Crossmap> in cluster <chimera> Exited

Job <Crossmap> was submitted from host <li03c03.chimera.hpc.mssm.edu> by user <kandos01> in cluster <chimera> at Mon Apr 29 11:23:05 2024
Job was executed on host(s) <2*lh06c12>, in queue <premium>, as user <kandos01> in cluster <chimera> at Mon Apr 29 11:23:09 2024
                            <6*lh06c16>
</hpc/users/kandos01> was used as the home directory.
</sc/arion/projects/tauomics/Shrishtee/GWAS_Pipeline_CraryLab/Convert_hg19_to_hg38> was used as the working directory.
Started at Mon Apr 29 11:23:09 2024
Terminated at Mon Apr 29 11:23:12 2024
Results reported at Mon Apr 29 11:23:12 2024

Your job looked like:

------------------------------------------------------------
# LSBATCH: User input

    #!/bin/bash
    #BSUB -P acc_tauomics
    #BSUB -n 8
    #BSUB -W 10:00
    #BSUB -R rusage[mem=30000]
    #BSUB -q premium
    #BSUB -J Crossmap
    #BSUB -o logs.Crossmap/chr22.stdout
    #BSUB -eo logs.Crossmap/chr22.stderr
    mkdir -p logs.Crossmap
    rm -f logs.Crossmap/22.stdout
    rm -f logs.Crossmap/22.stdout
    module purge
    sh /sc/arion/projects/tauomics/Shrishtee/GWAS_Pipeline_CraryLab/Convert_hg19_to_hg38/Crossmap.sh 22

------------------------------------------------------------

Exited with exit code 1.

Resource usage summary:

    CPU time :                                   1.16 sec.
    Max Memory :                                 10 MB
    Average Memory :                             7.00 MB
    Total Requested Memory :                     240000.00 MB
    Delta Memory :                               239990.00 MB
    Max Swap :                                   -
    Max Processes :                              5
    Max Threads :                                6
    Run time :                                   2 sec.
    Turnaround time :                            7 sec.

The output (if any) follows:

no change     /hpc/packages/minerva-centos7/anaconda3/2018.12/condabin/conda
no change     /hpc/packages/minerva-centos7/anaconda3/2018.12/bin/conda
no change     /hpc/packages/minerva-centos7/anaconda3/2018.12/bin/conda-env
no change     /hpc/packages/minerva-centos7/anaconda3/2018.12/bin/activate
no change     /hpc/packages/minerva-centos7/anaconda3/2018.12/bin/deactivate
no change     /hpc/packages/minerva-centos7/anaconda3/2018.12/etc/profile.d/conda.sh
no change     /hpc/packages/minerva-centos7/anaconda3/2018.12/etc/fish/conf.d/conda.fish
no change     /hpc/packages/minerva-centos7/anaconda3/2018.12/shell/condabin/Conda.psm1
no change     /hpc/packages/minerva-centos7/anaconda3/2018.12/shell/condabin/conda-hook.ps1
no change     /hpc/packages/minerva-centos7/anaconda3/2018.12/lib/python3.7/site-packages/xontrib/conda.xsh
no change     /hpc/packages/minerva-centos7/anaconda3/2018.12/etc/profile.d/conda.csh
no change     /hpc/users/kandos01/.bashrc
No action taken.
4.8.5-44)


PS:

Read file <logs.Crossmap/chr22.stderr> for stderr output of this job.

Sender: LSF System <lsfadmin@lh06c16>
Subject: Job 125321260: <Crossmap> in cluster <chimera> Exited

Job <Crossmap> was submitted from host <li03c03.chimera.hpc.mssm.edu> by user <kandos01> in cluster <chimera> at Mon Apr 29 11:46:30 2024
Job was executed on host(s) <3*lh06c16>, in queue <premium>, as user <kandos01> in cluster <chimera> at Mon Apr 29 11:46:34 2024
                            <4*lh06c12>
                            <1*lh06c18>
</hpc/users/kandos01> was used as the home directory.
</sc/arion/projects/tauomics/Shrishtee/GWAS_Pipeline_CraryLab/Convert_hg19_to_hg38> was used as the working directory.
Started at Mon Apr 29 11:46:34 2024
Terminated at Mon Apr 29 11:46:41 2024
Results reported at Mon Apr 29 11:46:41 2024

Your job looked like:

------------------------------------------------------------
# LSBATCH: User input

    #!/bin/bash
    #BSUB -P acc_tauomics
    #BSUB -n 8
    #BSUB -W 10:00
    #BSUB -R rusage[mem=30000]
    #BSUB -q premium
    #BSUB -J Crossmap
    #BSUB -o logs.Crossmap/chr22.stdout
    #BSUB -eo logs.Crossmap/chr22.stderr
    mkdir -p logs.Crossmap
    rm -f logs.Crossmap/22.stdout
    rm -f logs.Crossmap/22.stdout
    module purge
    sh /sc/arion/projects/tauomics/Shrishtee/GWAS_Pipeline_CraryLab/Convert_hg19_to_hg38/Crossmap.sh 22

------------------------------------------------------------

Exited with exit code 1.

Resource usage summary:

    CPU time :                                   1.58 sec.
    Max Memory :                                 18 MB
    Average Memory :                             6.50 MB
    Total Requested Memory :                     240000.00 MB
    Delta Memory :                               239982.00 MB
    Max Swap :                                   -
    Max Processes :                              6
    Max Threads :                                8
    Run time :                                   7 sec.
    Turnaround time :                            11 sec.

The output (if any) follows:



PS:

Read file <logs.Crossmap/chr22.stderr> for stderr output of this job.

Sender: LSF System <lsfadmin@lh06c16>
Subject: Job 125321283: <Crossmap> in cluster <chimera> Done

Job <Crossmap> was submitted from host <li03c03.chimera.hpc.mssm.edu> by user <kandos01> in cluster <chimera> at Mon Apr 29 11:48:25 2024
Job was executed on host(s) <2*lh06c16>, in queue <premium>, as user <kandos01> in cluster <chimera> at Mon Apr 29 11:48:29 2024
                            <2*lh06c12>
                            <3*lh06c18>
                            <1*lh06c20>
</hpc/users/kandos01> was used as the home directory.
</sc/arion/projects/tauomics/Shrishtee/GWAS_Pipeline_CraryLab/Convert_hg19_to_hg38> was used as the working directory.
Started at Mon Apr 29 11:48:29 2024
Terminated at Mon Apr 29 11:51:14 2024
Results reported at Mon Apr 29 11:51:14 2024

Your job looked like:

------------------------------------------------------------
# LSBATCH: User input

    #!/bin/bash
    #BSUB -P acc_tauomics
    #BSUB -n 8
    #BSUB -W 10:00
    #BSUB -R rusage[mem=30000]
    #BSUB -q premium
    #BSUB -J Crossmap
    #BSUB -o logs.Crossmap/chr22.stdout
    #BSUB -eo logs.Crossmap/chr22.stderr
    mkdir -p logs.Crossmap
    rm -f logs.Crossmap/22.stdout
    rm -f logs.Crossmap/22.stdout
    module purge
    sh /sc/arion/projects/tauomics/Shrishtee/GWAS_Pipeline_CraryLab/Convert_hg19_to_hg38/Crossmap.sh 22

------------------------------------------------------------

Successfully completed.

Resource usage summary:

    CPU time :                                   162.78 sec.
    Max Memory :                                 681 MB
    Average Memory :                             148.55 MB
    Total Requested Memory :                     240000.00 MB
    Delta Memory :                               239319.00 MB
    Max Swap :                                   -
    Max Processes :                              7
    Max Threads :                                8
    Run time :                                   165 sec.
    Turnaround time :                            169 sec.

The output (if any) follows:



PS:

Read file <logs.Crossmap/chr22.stderr> for stderr output of this job.

