Sender: LSF System <lsfadmin@lh06c20>
Subject: Job 125213133: <Crossmap> in cluster <chimera> Exited

Job <Crossmap> was submitted from host <li03c04.chimera.hpc.mssm.edu> by user <kandos01> in cluster <chimera> at Fri Apr 26 12:56:37 2024
Job was executed on host(s) <1*lh06c20>, in queue <premium>, as user <kandos01> in cluster <chimera> at Fri Apr 26 13:56:41 2024
                            <1*lh06c24>
                            <2*lh06c33>
                            <2*lh06c27>
                            <2*lh06c29>
</hpc/users/kandos01> was used as the home directory.
</sc/arion/projects/tauomics/Shrishtee/GWAS_Pipeline_CraryLab/Convert_hg19_to_hg38> was used as the working directory.
Started at Fri Apr 26 13:56:41 2024
Terminated at Fri Apr 26 13:56:52 2024
Results reported at Fri Apr 26 13:56:52 2024

Your job looked like:

------------------------------------------------------------
# LSBATCH: User input

    #!/bin/bash
    #BSUB -P acc_tauomics
    #BSUB -n 8
    #BSUB -W 10:00
    #BSUB -R rusage[mem=30000]
    #BSUB -q premium
    #BSUB -J Crossmap
    #BSUB -o logs.Crossmap/chr4.stdout
    #BSUB -eo logs.Crossmap/chr4.stderr
    mkdir -p logs.Crossmap
    rm -f logs.Crossmap/4.stdout
    rm -f logs.Crossmap/4.stdout
    module purge
    sh /sc/arion/projects/tauomics/Shrishtee/GWAS_Pipeline_CraryLab/Convert_hg19_to_hg38/Crossmap.sh 4

------------------------------------------------------------

Exited with exit code 127.

Resource usage summary:

    CPU time :                                   0.34 sec.
    Max Memory :                                 18 MB
    Average Memory :                             12.88 MB
    Total Requested Memory :                     240000.00 MB
    Delta Memory :                               239982.00 MB
    Max Swap :                                   -
    Max Processes :                              5
    Max Threads :                                6
    Run time :                                   11 sec.
    Turnaround time :                            3615 sec.

The output (if any) follows:

4.8.5-44)


PS:

Read file <logs.Crossmap/chr4.stderr> for stderr output of this job.

Sender: LSF System <lsfadmin@lh06c31>
Subject: Job 125319201: <Crossmap> in cluster <chimera> Exited

Job <Crossmap> was submitted from host <li03c03.chimera.hpc.mssm.edu> by user <kandos01> in cluster <chimera> at Mon Apr 29 11:19:45 2024
Job was executed on host(s) <1*lh06c31>, in queue <premium>, as user <kandos01> in cluster <chimera> at Mon Apr 29 11:19:48 2024
                            <7*lh06c23>
</hpc/users/kandos01> was used as the home directory.
</sc/arion/projects/tauomics/Shrishtee/GWAS_Pipeline_CraryLab/Convert_hg19_to_hg38> was used as the working directory.
Started at Mon Apr 29 11:19:48 2024
Terminated at Mon Apr 29 11:20:06 2024
Results reported at Mon Apr 29 11:20:06 2024

Your job looked like:

------------------------------------------------------------
# LSBATCH: User input

    #!/bin/bash
    #BSUB -P acc_tauomics
    #BSUB -n 8
    #BSUB -W 10:00
    #BSUB -R rusage[mem=30000]
    #BSUB -q premium
    #BSUB -J Crossmap
    #BSUB -o logs.Crossmap/chr4.stdout
    #BSUB -eo logs.Crossmap/chr4.stderr
    mkdir -p logs.Crossmap
    rm -f logs.Crossmap/4.stdout
    rm -f logs.Crossmap/4.stdout
    module purge
    sh /sc/arion/projects/tauomics/Shrishtee/GWAS_Pipeline_CraryLab/Convert_hg19_to_hg38/Crossmap.sh 4

------------------------------------------------------------

Exited with exit code 127.

Resource usage summary:

    CPU time :                                   0.29 sec.
    Max Memory :                                 16 MB
    Average Memory :                             9.11 MB
    Total Requested Memory :                     240000.00 MB
    Delta Memory :                               239984.00 MB
    Max Swap :                                   -
    Max Processes :                              5
    Max Threads :                                6
    Run time :                                   17 sec.
    Turnaround time :                            21 sec.

The output (if any) follows:

4.8.5-44)


PS:

Read file <logs.Crossmap/chr4.stderr> for stderr output of this job.

