Sender: LSF System <lsfadmin@lh06c24>
Subject: Job 125213135: <Crossmap> in cluster <chimera> Exited

Job <Crossmap> was submitted from host <li03c04.chimera.hpc.mssm.edu> by user <kandos01> in cluster <chimera> at Fri Apr 26 12:56:38 2024
Job was executed on host(s) <1*lh06c24>, in queue <premium>, as user <kandos01> in cluster <chimera> at Fri Apr 26 13:57:58 2024
                            <2*lh06c33>
                            <2*lh06c27>
                            <3*lh06c29>
</hpc/users/kandos01> was used as the home directory.
</sc/arion/projects/tauomics/Shrishtee/GWAS_Pipeline_CraryLab/Convert_hg19_to_hg38> was used as the working directory.
Started at Fri Apr 26 13:57:58 2024
Terminated at Fri Apr 26 13:58:13 2024
Results reported at Fri Apr 26 13:58:13 2024

Your job looked like:

------------------------------------------------------------
# LSBATCH: User input

    #!/bin/bash
    #BSUB -P acc_tauomics
    #BSUB -n 8
    #BSUB -W 10:00
    #BSUB -R rusage[mem=30000]
    #BSUB -q premium
    #BSUB -J Crossmap
    #BSUB -o logs.Crossmap/chr6.stdout
    #BSUB -eo logs.Crossmap/chr6.stderr
    mkdir -p logs.Crossmap
    rm -f logs.Crossmap/6.stdout
    rm -f logs.Crossmap/6.stdout
    module purge
    sh /sc/arion/projects/tauomics/Shrishtee/GWAS_Pipeline_CraryLab/Convert_hg19_to_hg38/Crossmap.sh 6

------------------------------------------------------------

Exited with exit code 127.

Resource usage summary:

    CPU time :                                   0.35 sec.
    Max Memory :                                 17 MB
    Average Memory :                             11.56 MB
    Total Requested Memory :                     240000.00 MB
    Delta Memory :                               239983.00 MB
    Max Swap :                                   -
    Max Processes :                              5
    Max Threads :                                6
    Run time :                                   14 sec.
    Turnaround time :                            3695 sec.

The output (if any) follows:

4.8.5-44)


PS:

Read file <logs.Crossmap/chr6.stderr> for stderr output of this job.

Sender: LSF System <lsfadmin@lh06c13>
Subject: Job 125319207: <Crossmap> in cluster <chimera> Exited

Job <Crossmap> was submitted from host <li03c03.chimera.hpc.mssm.edu> by user <kandos01> in cluster <chimera> at Mon Apr 29 11:19:45 2024
Job was executed on host(s) <5*lh06c13>, in queue <premium>, as user <kandos01> in cluster <chimera> at Mon Apr 29 11:19:48 2024
                            <1*lh06c05>
                            <2*lh06c09>
</hpc/users/kandos01> was used as the home directory.
</sc/arion/projects/tauomics/Shrishtee/GWAS_Pipeline_CraryLab/Convert_hg19_to_hg38> was used as the working directory.
Started at Mon Apr 29 11:19:48 2024
Terminated at Mon Apr 29 11:19:50 2024
Results reported at Mon Apr 29 11:19:50 2024

Your job looked like:

------------------------------------------------------------
# LSBATCH: User input

    #!/bin/bash
    #BSUB -P acc_tauomics
    #BSUB -n 8
    #BSUB -W 10:00
    #BSUB -R rusage[mem=30000]
    #BSUB -q premium
    #BSUB -J Crossmap
    #BSUB -o logs.Crossmap/chr6.stdout
    #BSUB -eo logs.Crossmap/chr6.stderr
    mkdir -p logs.Crossmap
    rm -f logs.Crossmap/6.stdout
    rm -f logs.Crossmap/6.stdout
    module purge
    sh /sc/arion/projects/tauomics/Shrishtee/GWAS_Pipeline_CraryLab/Convert_hg19_to_hg38/Crossmap.sh 6

------------------------------------------------------------

Exited with exit code 127.

Resource usage summary:

    CPU time :                                   0.33 sec.
    Max Memory :                                 5 MB
    Average Memory :                             3.67 MB
    Total Requested Memory :                     240000.00 MB
    Delta Memory :                               239995.00 MB
    Max Swap :                                   -
    Max Processes :                              5
    Max Threads :                                6
    Run time :                                   2 sec.
    Turnaround time :                            5 sec.

The output (if any) follows:

4.8.5-44)


PS:

Read file <logs.Crossmap/chr6.stderr> for stderr output of this job.

