Sender: LSF System <lsfadmin@lh06c03>
Subject: Job 125213138: <Crossmap> in cluster <chimera> Exited

Job <Crossmap> was submitted from host <li03c04.chimera.hpc.mssm.edu> by user <kandos01> in cluster <chimera> at Fri Apr 26 12:56:38 2024
Job was executed on host(s) <1*lh06c03>, in queue <premium>, as user <kandos01> in cluster <chimera> at Fri Apr 26 14:00:20 2024
                            <2*lh06c33>
                            <2*lh06c27>
                            <3*lh06c29>
</hpc/users/kandos01> was used as the home directory.
</sc/arion/projects/tauomics/Shrishtee/GWAS_Pipeline_CraryLab/Convert_hg19_to_hg38> was used as the working directory.
Started at Fri Apr 26 14:00:20 2024
Terminated at Fri Apr 26 14:00:41 2024
Results reported at Fri Apr 26 14:00:41 2024

Your job looked like:

------------------------------------------------------------
# LSBATCH: User input

    #!/bin/bash
    #BSUB -P acc_tauomics
    #BSUB -n 8
    #BSUB -W 10:00
    #BSUB -R rusage[mem=30000]
    #BSUB -q premium
    #BSUB -J Crossmap
    #BSUB -o logs.Crossmap/chr8.stdout
    #BSUB -eo logs.Crossmap/chr8.stderr
    mkdir -p logs.Crossmap
    rm -f logs.Crossmap/8.stdout
    rm -f logs.Crossmap/8.stdout
    module purge
    sh /sc/arion/projects/tauomics/Shrishtee/GWAS_Pipeline_CraryLab/Convert_hg19_to_hg38/Crossmap.sh 8

------------------------------------------------------------

Exited with exit code 127.

Resource usage summary:

    CPU time :                                   0.36 sec.
    Max Memory :                                 19 MB
    Average Memory :                             12.18 MB
    Total Requested Memory :                     240000.00 MB
    Delta Memory :                               239981.00 MB
    Max Swap :                                   -
    Max Processes :                              5
    Max Threads :                                6
    Run time :                                   21 sec.
    Turnaround time :                            3843 sec.

The output (if any) follows:

4.8.5-44)


PS:

Read file <logs.Crossmap/chr8.stderr> for stderr output of this job.

Sender: LSF System <lsfadmin@lh06c27>
Subject: Job 125319213: <Crossmap> in cluster <chimera> Exited

Job <Crossmap> was submitted from host <li03c03.chimera.hpc.mssm.edu> by user <kandos01> in cluster <chimera> at Mon Apr 29 11:19:46 2024
Job was executed on host(s) <6*lh06c27>, in queue <premium>, as user <kandos01> in cluster <chimera> at Mon Apr 29 11:19:48 2024
                            <2*lh06c03>
</hpc/users/kandos01> was used as the home directory.
</sc/arion/projects/tauomics/Shrishtee/GWAS_Pipeline_CraryLab/Convert_hg19_to_hg38> was used as the working directory.
Started at Mon Apr 29 11:19:48 2024
Terminated at Mon Apr 29 11:19:51 2024
Results reported at Mon Apr 29 11:19:51 2024

Your job looked like:

------------------------------------------------------------
# LSBATCH: User input

    #!/bin/bash
    #BSUB -P acc_tauomics
    #BSUB -n 8
    #BSUB -W 10:00
    #BSUB -R rusage[mem=30000]
    #BSUB -q premium
    #BSUB -J Crossmap
    #BSUB -o logs.Crossmap/chr8.stdout
    #BSUB -eo logs.Crossmap/chr8.stderr
    mkdir -p logs.Crossmap
    rm -f logs.Crossmap/8.stdout
    rm -f logs.Crossmap/8.stdout
    module purge
    sh /sc/arion/projects/tauomics/Shrishtee/GWAS_Pipeline_CraryLab/Convert_hg19_to_hg38/Crossmap.sh 8

------------------------------------------------------------

Exited with exit code 127.

Resource usage summary:

    CPU time :                                   0.30 sec.
    Max Memory :                                 16 MB
    Average Memory :                             10.33 MB
    Total Requested Memory :                     240000.00 MB
    Delta Memory :                               239984.00 MB
    Max Swap :                                   -
    Max Processes :                              6
    Max Threads :                                7
    Run time :                                   3 sec.
    Turnaround time :                            5 sec.

The output (if any) follows:

4.8.5-44)


PS:

Read file <logs.Crossmap/chr8.stderr> for stderr output of this job.

